INFO     2014-10-17 04:03:34,829 devappserver2.py:733] Skipping SDK update check.
WARNING  2014-10-17 04:03:34,835 api_server.py:383] Could not initialize images API; you are likely missing the Python "PIL" module.
INFO     2014-10-17 04:03:34,838 devappserver2.py:733] Skipping SDK update check.
INFO     2014-10-17 04:03:34,850 devappserver2.py:733] Skipping SDK update check.
INFO     2014-10-17 04:03:34,851 api_server.py:171] Starting API server at: http://localhost:50449
WARNING  2014-10-17 04:03:34,852 api_server.py:383] Could not initialize images API; you are likely missing the Python "PIL" module.
WARNING  2014-10-17 04:03:34,855 api_server.py:383] Could not initialize images API; you are likely missing the Python "PIL" module.
INFO     2014-10-17 04:03:34,856 api_server.py:171] Starting API server at: http://localhost:50450
INFO     2014-10-17 04:03:34,861 api_server.py:171] Starting API server at: http://localhost:50451
INFO     2014-10-17 04:03:34,877 devappserver2.py:733] Skipping SDK update check.
WARNING  2014-10-17 04:03:34,880 api_server.py:383] Could not initialize images API; you are likely missing the Python "PIL" module.
INFO     2014-10-17 04:03:34,883 api_server.py:171] Starting API server at: http://localhost:50452
INFO     2014-10-17 04:03:39,863 dispatcher.py:186] Starting module "cyph-com" running at: http://www.cyph.com.local:8084
INFO     2014-10-17 04:03:39,867 admin_server.py:117] Starting admin server at: http://localhost:8083
INFO     2014-10-17 04:03:39,871 dispatcher.py:186] Starting module "default" running at: http://api.cyph.com.local:8082
INFO     2014-10-17 04:03:39,875 admin_server.py:117] Starting admin server at: http://localhost:8081
INFO     2014-10-17 04:03:39,875 dispatcher.py:186] Starting module "cyph-im" running at: http://www.cyph.im.local:8086
INFO     2014-10-17 04:03:39,878 admin_server.py:117] Starting admin server at: http://localhost:8085
INFO     2014-10-17 04:03:39,894 dispatcher.py:186] Starting module "cyph-me" running at: http://www.cyph.me.local:8088
INFO     2014-10-17 04:03:39,902 admin_server.py:117] Starting admin server at: http://localhost:8087
INFO     2014-10-17 04:03:53,559 module.py:659] cyph-com: "GET / HTTP/1.1" 200 2882
INFO     2014-10-17 04:03:53,596 module.py:659] cyph-com: "GET /jquery.min.js HTTP/1.1" 200 84245
INFO     2014-10-17 04:03:53,596 module.py:659] cyph-com: "GET /ubuntu.css HTTP/1.1" 200 577
INFO     2014-10-17 04:03:53,596 module.py:659] cyph-com: "GET /cyph-castle.png HTTP/1.1" 200 2901
INFO     2014-10-17 04:03:53,739 module.py:659] cyph-com: "GET /favicon-32x32.png HTTP/1.1" 200 803
INFO     2014-10-17 04:03:53,745 module.py:659] cyph-com: "GET /favicon-16x16.png HTTP/1.1" 200 616
INFO     2014-10-17 04:03:53,751 module.py:659] cyph-com: "GET /favicon-96x96.png HTTP/1.1" 200 1025
INFO     2014-10-17 04:03:53,779 module.py:659] cyph-com: "GET /favicon-160x160.png HTTP/1.1" 200 1229
INFO     2014-10-17 04:03:53,785 module.py:659] cyph-com: "GET /favicon-192x192.png HTTP/1.1" 200 1279
OperationalError('database is locked',)
Traceback (most recent call last):
  File "/Users/buu700/.config/google-cloud-sdk/platform/google_appengine/lib/cherrypy/cherrypy/wsgiserver/wsgiserver2.py", line 1302, in communicate
    req.respond()
  File "/Users/buu700/.config/google-cloud-sdk/platform/google_appengine/lib/cherrypy/cherrypy/wsgiserver/wsgiserver2.py", line 831, in respond
    self.server.gateway(self).respond()
  File "/Users/buu700/.config/google-cloud-sdk/platform/google_appengine/lib/cherrypy/cherrypy/wsgiserver/wsgiserver2.py", line 2115, in respond
    response = self.req.server.wsgi_app(self.env, self.start_response)
  File "/Users/buu700/.config/google-cloud-sdk/platform/google_appengine/google/appengine/tools/devappserver2/wsgi_server.py", line 266, in __call__
    return app(environ, start_response)
  File "/Users/buu700/.config/google-cloud-sdk/platform/google_appengine/google/appengine/tools/devappserver2/module.py", line 1431, in __call__
    return self._handle_request(environ, start_response)
  File "/Users/buu700/.config/google-cloud-sdk/platform/google_appengine/google/appengine/tools/devappserver2/module.py", line 641, in _handle_request
    module=self._module_configuration.module_name)
  File "/Users/buu700/.config/google-cloud-sdk/platform/google_appengine/google/appengine/api/apiproxy_stub.py", line 165, in WrappedMethod
    return method(self, *args, **kwargs)
  File "/Users/buu700/.config/google-cloud-sdk/platform/google_appengine/google/appengine/api/logservice/logservice_stub.py", line 172, in start_request
    host, start_time, method, resource, http_version, module))
OperationalError: database is locked
OperationalError('database is locked',)
Traceback (most recent call last):
  File "/Users/buu700/.config/google-cloud-sdk/platform/google_appengine/lib/cherrypy/cherrypy/wsgiserver/wsgiserver2.py", line 1302, in communicate
    req.respond()
  File "/Users/buu700/.config/google-cloud-sdk/platform/google_appengine/lib/cherrypy/cherrypy/wsgiserver/wsgiserver2.py", line 831, in respond
    self.server.gateway(self).respond()
  File "/Users/buu700/.config/google-cloud-sdk/platform/google_appengine/lib/cherrypy/cherrypy/wsgiserver/wsgiserver2.py", line 2115, in respond
    response = self.req.server.wsgi_app(self.env, self.start_response)
  File "/Users/buu700/.config/google-cloud-sdk/platform/google_appengine/google/appengine/tools/devappserver2/wsgi_server.py", line 266, in __call__
    return app(environ, start_response)
  File "/Users/buu700/.config/google-cloud-sdk/platform/google_appengine/google/appengine/tools/devappserver2/module.py", line 1431, in __call__
    return self._handle_request(environ, start_response)
  File "/Users/buu700/.config/google-cloud-sdk/platform/google_appengine/google/appengine/tools/devappserver2/module.py", line 641, in _handle_request
    module=self._module_configuration.module_name)
  File "/Users/buu700/.config/google-cloud-sdk/platform/google_appengine/google/appengine/api/apiproxy_stub.py", line 165, in WrappedMethod
    return method(self, *args, **kwargs)
  File "/Users/buu700/.config/google-cloud-sdk/platform/google_appengine/google/appengine/api/logservice/logservice_stub.py", line 172, in start_request
    host, start_time, method, resource, http_version, module))
OperationalError: database is locked
OperationalError('database is locked',)
Traceback (most recent call last):
  File "/Users/buu700/.config/google-cloud-sdk/platform/google_appengine/lib/cherrypy/cherrypy/wsgiserver/wsgiserver2.py", line 1302, in communicate
    req.respond()
  File "/Users/buu700/.config/google-cloud-sdk/platform/google_appengine/lib/cherrypy/cherrypy/wsgiserver/wsgiserver2.py", line 831, in respond
    self.server.gateway(self).respond()
  File "/Users/buu700/.config/google-cloud-sdk/platform/google_appengine/lib/cherrypy/cherrypy/wsgiserver/wsgiserver2.py", line 2115, in respond
    response = self.req.server.wsgi_app(self.env, self.start_response)
  File "/Users/buu700/.config/google-cloud-sdk/platform/google_appengine/google/appengine/tools/devappserver2/wsgi_server.py", line 266, in __call__
    return app(environ, start_response)
  File "/Users/buu700/.config/google-cloud-sdk/platform/google_appengine/google/appengine/tools/devappserver2/module.py", line 1431, in __call__
    return self._handle_request(environ, start_response)
  File "/Users/buu700/.config/google-cloud-sdk/platform/google_appengine/google/appengine/tools/devappserver2/module.py", line 641, in _handle_request
    module=self._module_configuration.module_name)
  File "/Users/buu700/.config/google-cloud-sdk/platform/google_appengine/google/appengine/api/apiproxy_stub.py", line 165, in WrappedMethod
    return method(self, *args, **kwargs)
  File "/Users/buu700/.config/google-cloud-sdk/platform/google_appengine/google/appengine/api/logservice/logservice_stub.py", line 172, in start_request
    host, start_time, method, resource, http_version, module))
OperationalError: database is locked
OperationalError('database is locked',)
Traceback (most recent call last):
  File "/Users/buu700/.config/google-cloud-sdk/platform/google_appengine/lib/cherrypy/cherrypy/wsgiserver/wsgiserver2.py", line 1302, in communicate
    req.respond()
  File "/Users/buu700/.config/google-cloud-sdk/platform/google_appengine/lib/cherrypy/cherrypy/wsgiserver/wsgiserver2.py", line 831, in respond
    self.server.gateway(self).respond()
  File "/Users/buu700/.config/google-cloud-sdk/platform/google_appengine/lib/cherrypy/cherrypy/wsgiserver/wsgiserver2.py", line 2115, in respond
    response = self.req.server.wsgi_app(self.env, self.start_response)
  File "/Users/buu700/.config/google-cloud-sdk/platform/google_appengine/google/appengine/tools/devappserver2/wsgi_server.py", line 266, in __call__
    return app(environ, start_response)
  File "/Users/buu700/.config/google-cloud-sdk/platform/google_appengine/google/appengine/tools/devappserver2/module.py", line 1431, in __call__
    return self._handle_request(environ, start_response)
  File "/Users/buu700/.config/google-cloud-sdk/platform/google_appengine/google/appengine/tools/devappserver2/module.py", line 641, in _handle_request
    module=self._module_configuration.module_name)
  File "/Users/buu700/.config/google-cloud-sdk/platform/google_appengine/google/appengine/api/apiproxy_stub.py", line 165, in WrappedMethod
    return method(self, *args, **kwargs)
  File "/Users/buu700/.config/google-cloud-sdk/platform/google_appengine/google/appengine/api/logservice/logservice_stub.py", line 172, in start_request
    host, start_time, method, resource, http_version, module))
OperationalError: database is locked
OperationalError('database is locked',)
Traceback (most recent call last):
  File "/Users/buu700/.config/google-cloud-sdk/platform/google_appengine/lib/cherrypy/cherrypy/wsgiserver/wsgiserver2.py", line 1302, in communicate
    req.respond()
  File "/Users/buu700/.config/google-cloud-sdk/platform/google_appengine/lib/cherrypy/cherrypy/wsgiserver/wsgiserver2.py", line 831, in respond
    self.server.gateway(self).respond()
  File "/Users/buu700/.config/google-cloud-sdk/platform/google_appengine/lib/cherrypy/cherrypy/wsgiserver/wsgiserver2.py", line 2115, in respond
    response = self.req.server.wsgi_app(self.env, self.start_response)
  File "/Users/buu700/.config/google-cloud-sdk/platform/google_appengine/google/appengine/tools/devappserver2/wsgi_server.py", line 266, in __call__
    return app(environ, start_response)
  File "/Users/buu700/.config/google-cloud-sdk/platform/google_appengine/google/appengine/tools/devappserver2/module.py", line 1431, in __call__
    return self._handle_request(environ, start_response)
  File "/Users/buu700/.config/google-cloud-sdk/platform/google_appengine/google/appengine/tools/devappserver2/module.py", line 641, in _handle_request
    module=self._module_configuration.module_name)
  File "/Users/buu700/.config/google-cloud-sdk/platform/google_appengine/google/appengine/api/apiproxy_stub.py", line 165, in WrappedMethod
    return method(self, *args, **kwargs)
  File "/Users/buu700/.config/google-cloud-sdk/platform/google_appengine/google/appengine/api/logservice/logservice_stub.py", line 172, in start_request
    host, start_time, method, resource, http_version, module))
OperationalError: database is locked
OperationalError('database is locked',)
Traceback (most recent call last):
  File "/Users/buu700/.config/google-cloud-sdk/platform/google_appengine/lib/cherrypy/cherrypy/wsgiserver/wsgiserver2.py", line 1302, in communicate
    req.respond()
  File "/Users/buu700/.config/google-cloud-sdk/platform/google_appengine/lib/cherrypy/cherrypy/wsgiserver/wsgiserver2.py", line 831, in respond
    self.server.gateway(self).respond()
  File "/Users/buu700/.config/google-cloud-sdk/platform/google_appengine/lib/cherrypy/cherrypy/wsgiserver/wsgiserver2.py", line 2115, in respond
    response = self.req.server.wsgi_app(self.env, self.start_response)
  File "/Users/buu700/.config/google-cloud-sdk/platform/google_appengine/google/appengine/tools/devappserver2/wsgi_server.py", line 266, in __call__
    return app(environ, start_response)
  File "/Users/buu700/.config/google-cloud-sdk/platform/google_appengine/google/appengine/tools/devappserver2/module.py", line 1431, in __call__
    return self._handle_request(environ, start_response)
  File "/Users/buu700/.config/google-cloud-sdk/platform/google_appengine/google/appengine/tools/devappserver2/module.py", line 641, in _handle_request
    module=self._module_configuration.module_name)
  File "/Users/buu700/.config/google-cloud-sdk/platform/google_appengine/google/appengine/api/apiproxy_stub.py", line 165, in WrappedMethod
    return method(self, *args, **kwargs)
  File "/Users/buu700/.config/google-cloud-sdk/platform/google_appengine/google/appengine/api/logservice/logservice_stub.py", line 172, in start_request
    host, start_time, method, resource, http_version, module))
OperationalError: database is locked
OperationalError('database is locked',)
Traceback (most recent call last):
  File "/Users/buu700/.config/google-cloud-sdk/platform/google_appengine/lib/cherrypy/cherrypy/wsgiserver/wsgiserver2.py", line 1302, in communicate
    req.respond()
  File "/Users/buu700/.config/google-cloud-sdk/platform/google_appengine/lib/cherrypy/cherrypy/wsgiserver/wsgiserver2.py", line 831, in respond
    self.server.gateway(self).respond()
  File "/Users/buu700/.config/google-cloud-sdk/platform/google_appengine/lib/cherrypy/cherrypy/wsgiserver/wsgiserver2.py", line 2115, in respond
    response = self.req.server.wsgi_app(self.env, self.start_response)
  File "/Users/buu700/.config/google-cloud-sdk/platform/google_appengine/google/appengine/tools/devappserver2/wsgi_server.py", line 266, in __call__
    return app(environ, start_response)
  File "/Users/buu700/.config/google-cloud-sdk/platform/google_appengine/google/appengine/tools/devappserver2/module.py", line 1431, in __call__
    return self._handle_request(environ, start_response)
  File "/Users/buu700/.config/google-cloud-sdk/platform/google_appengine/google/appengine/tools/devappserver2/module.py", line 641, in _handle_request
    module=self._module_configuration.module_name)
  File "/Users/buu700/.config/google-cloud-sdk/platform/google_appengine/google/appengine/api/apiproxy_stub.py", line 165, in WrappedMethod
    return method(self, *args, **kwargs)
  File "/Users/buu700/.config/google-cloud-sdk/platform/google_appengine/google/appengine/api/logservice/logservice_stub.py", line 172, in start_request
    host, start_time, method, resource, http_version, module))
OperationalError: database is locked
